d:\курсачек\kav_2020\kav_2020\debug\vc142.pdb
d:\курсачек\kav_2020\kav_2020\debug\vc142.idb
d:\курсачек\kav_2020\kav_2020\debug\generation.obj
d:\курсач\kav_2020\kav_2020\debug\vc142.pdb
d:\курсач\kav_2020\kav_2020\debug\vc142.idb
d:\курсач\kav_2020\kav_2020\debug\graibachrules.obj
d:\курсач\kav_2020\kav_2020\debug\generation.obj
d:\курсач\kav_2020\kav_2020\debug\stdafx.obj
d:\курсач\kav_2020\kav_2020\debug\parm.obj
d:\курсач\kav_2020\kav_2020\debug\pn.obj
d:\курсач\kav_2020\kav_2020\debug\mfst.obj
d:\курсач\kav_2020\kav_2020\debug\log.obj
d:\курсач\kav_2020\kav_2020\debug\lexanalize.obj
d:\курсач\kav_2020\kav_2020\debug\lt.obj
d:\курсач\kav_2020\kav_2020\debug\kav_2020.obj
d:\курсач\kav_2020\kav_2020\debug\in.obj
d:\курсач\kav_2020\kav_2020\debug\it.obj
d:\курсач\kav_2020\kav_2020\debug\fst.obj
d:\курсач\kav_2020\kav_2020\debug\error.obj
d:\курсач\kav_2020\debug\kav_2020.exe
d:\курсач\kav_2020\debug\kav_2020.ilk
d:\курсач\kav_2020\debug\kav_2020.pdb
d:\курсач\kav_2020\kav_2020\debug\kav_2020.tlog\cl.command.1.tlog
d:\курсач\kav_2020\kav_2020\debug\kav_2020.tlog\cl.read.1.tlog
d:\курсач\kav_2020\kav_2020\debug\kav_2020.tlog\cl.write.1.tlog
d:\курсач\kav_2020\kav_2020\debug\kav_2020.tlog\link.command.1.tlog
d:\курсач\kav_2020\kav_2020\debug\kav_2020.tlog\link.read.1.tlog
d:\курсач\kav_2020\kav_2020\debug\kav_2020.tlog\link.write.1.tlog
