Сборка начата 13.12.2020 19:44:12.
Уровень детализации журнала: Normal.     1>Проект "D:\курсач\KAV_2020\KAV_2020\KAV_2020.vcxproj" в узле 2 (целевые объекты Build).
     1>InitializeBuildStatus:
         Создание "Debug\KAV_2020.tlog\unsuccessfulbuild", так как было задано "AlwaysCreate".
       ClCompile:
         C:\Program Files (x86)\Microsoft Visual Studio\2019\Community\VC\Tools\MSVC\14.24.28314\bin\HostX86\x86\CL.exe /c /ZI /JMC /nologo /W3 /WX- /diagnostics:column /sdl /Od /Oy- /D WIN32 /D _DEBUG /D _CONSOLE /D _UNICODE /D UNICODE /Gm- /EHsc /RTC1 /MDd /GS /fp:precise /permissive- /Zc:wchar_t /Zc:forScope /Zc:inline /std:c++17 /Fo"Debug\\" /Fd"Debug\vc142.pdb" /Gd /TP /analyze- /FC /errorReport:prompt Generation.cpp
         Generation.cpp
       Link:
         C:\Program Files (x86)\Microsoft Visual Studio\2019\Community\VC\Tools\MSVC\14.24.28314\bin\HostX86\x86\link.exe /ERRORREPORT:PROMPT /OUT:"D:\курсач\KAV_2020\Debug\KAV_2020.exe" /INCREMENTAL /NOLOGO kernel32.lib user32.lib gdi32.lib winspool.lib comdlg32.lib advapi32.lib shell32.lib ole32.lib oleaut32.lib uuid.lib odbc32.lib odbccp32.lib /MANIFEST /MANIFESTUAC:"level='asInvoker' uiAccess='false'" /manifest:embed /DEBUG:FASTLINK /PDB:"D:\курсач\KAV_2020\Debug\KAV_2020.pdb" /SUBSYSTEM:CONSOLE /TLBID:1 /DYNAMICBASE /NXCOMPAT /IMPLIB:"D:\курсач\KAV_2020\Debug\KAV_2020.lib" /MACHINE:X86 Debug\FST.obj
         Debug\Generation.obj
         Debug\GraibachRules.obj
         Debug\In.obj
         Debug\KAV_2020.obj
         Debug\Error.obj
         Debug\IT.obj
         Debug\LexAnalize.obj
         Debug\Log.obj
         Debug\LT.obj
         Debug\MFST.obj
         Debug\Parm.obj
         Debug\PN.obj
         Debug\stdafx.obj
         KAV_2020.vcxproj -> D:\курсач\KAV_2020\Debug\KAV_2020.exe
       FinalizeBuildStatus:
         Файл "Debug\KAV_2020.tlog\unsuccessfulbuild" удаляется.
         Обращение к "Debug\KAV_2020.tlog\KAV_2020.lastbuildstate".
     1>Сборка проекта "D:\курсач\KAV_2020\KAV_2020\KAV_2020.vcxproj" завершена (целевые объекты Build).

Сборка успешно завершена.
    Предупреждений: 0
    Ошибок: 0

Прошло времени 00:00:01.28
