Сборка начата 07.12.2020 15:54:00.
Уровень детализации журнала: Normal.     1>Проект "D:\Курсачек\KAV_2020\KAV_2020\KAV_2020.vcxproj" в узле 2 (целевые объекты Build).
     1>InitializeBuildStatus:
         Создание "x64\Debug\KAV_2020.tlog\unsuccessfulbuild", так как было задано "AlwaysCreate".
       ClCompile:
         C:\Program Files (x86)\Microsoft Visual Studio\2019\Community\VC\Tools\MSVC\14.24.28314\bin\HostX86\x64\CL.exe /c /ZI /JMC /nologo /W3 /WX- /diagnostics:column /sdl /Od /D _DEBUG /D _CONSOLE /D _UNICODE /D UNICODE /Gm- /EHsc /RTC1 /MDd /GS /fp:precise /permissive- /Zc:wchar_t /Zc:forScope /Zc:inline /Fo"x64\Debug\\" /Fd"x64\Debug\vc142.pdb" /Gd /TP /FC /errorReport:prompt Error.cpp FST.cpp Generation.cpp GraibachRules.cpp IT.cpp In.cpp KAV_2020.cpp LT.cpp LexAnalize.cpp Log.cpp MFST.cpp PN.cpp Parm.cpp stdafx.cpp
         Error.cpp
         FST.cpp
         Generation.cpp
         GraibachRules.cpp
         IT.cpp
     1>D:\Курсачек\KAV_2020\KAV_2020\IT.cpp(52,54): warning C4267: =: преобразование из "size_t" в "int"; возможна потеря данных
         In.cpp
         KAV_2020.cpp
         LT.cpp
         LexAnalize.cpp
         Log.cpp
         MFST.cpp
     1>D:\Курсачек\KAV_2020\KAV_2020\MFST.cpp(219,68): warning C4267: =: преобразование из "size_t" в "short"; возможна потеря данных
         PN.cpp
         Parm.cpp
         stdafx.cpp
         Создание кода...
       Link:
         C:\Program Files (x86)\Microsoft Visual Studio\2019\Community\VC\Tools\MSVC\14.24.28314\bin\HostX86\x64\link.exe /ERRORREPORT:PROMPT /OUT:"D:\Курсачек\KAV_2020\x64\Debug\KAV_2020.exe" /INCREMENTAL /NOLOGO kernel32.lib user32.lib gdi32.lib winspool.lib comdlg32.lib advapi32.lib shell32.lib ole32.lib oleaut32.lib uuid.lib odbc32.lib odbccp32.lib /MANIFEST /MANIFESTUAC:"level='asInvoker' uiAccess='false'" /manifest:embed /DEBUG:FASTLINK /PDB:"D:\Курсачек\KAV_2020\x64\Debug\KAV_2020.pdb" /SUBSYSTEM:CONSOLE /TLBID:1 /DYNAMICBASE /NXCOMPAT /IMPLIB:"D:\Курсачек\KAV_2020\x64\Debug\KAV_2020.lib" /MACHINE:X64 x64\Debug\FST.obj
         x64\Debug\Generation.obj
         x64\Debug\GraibachRules.obj
         x64\Debug\In.obj
         x64\Debug\KAV_2020.obj
         x64\Debug\Error.obj
         x64\Debug\IT.obj
         x64\Debug\LexAnalize.obj
         x64\Debug\Log.obj
         x64\Debug\LT.obj
         x64\Debug\MFST.obj
         x64\Debug\Parm.obj
         x64\Debug\PN.obj
         x64\Debug\stdafx.obj
         KAV_2020.vcxproj -> D:\Курсачек\KAV_2020\x64\Debug\KAV_2020.exe
       FinalizeBuildStatus:
         Файл "x64\Debug\KAV_2020.tlog\unsuccessfulbuild" удаляется.
         Обращение к "x64\Debug\KAV_2020.tlog\KAV_2020.lastbuildstate".
     1>Сборка проекта "D:\Курсачек\KAV_2020\KAV_2020\KAV_2020.vcxproj" завершена (целевые объекты Build).

Сборка успешно завершена.

       "D:\Курсачек\KAV_2020\KAV_2020\KAV_2020.vcxproj" (целевой объект Build ) (1) ->
       (Целевой объект ClCompile) -> 
         D:\Курсачек\KAV_2020\KAV_2020\IT.cpp(52,54): warning C4267: =: преобразование из "size_t" в "int"; возможна потеря данных
         D:\Курсачек\KAV_2020\KAV_2020\MFST.cpp(219,68): warning C4267: =: преобразование из "size_t" в "short"; возможна потеря данных

    Предупреждений: 2
    Ошибок: 0

Прошло времени 00:00:08.98
